<?xml version="1.0" encoding="UTF-8"?>
<testng-results ignored="0" total="1" passed="1" failed="0" skipped="0">
  <reporter-output>
  </reporter-output>
  <suite started-at="2022-04-30T03:31:22 PDT" name="Default suite" finished-at="2022-04-30T03:31:51 PDT" duration-ms="28375">
    <groups>
    </groups>
    <test started-at="2022-04-30T03:31:22 PDT" name="Default test" finished-at="2022-04-30T03:31:51 PDT" duration-ms="28375">
      <class name="mvn_project.mvn_project4.Testlogin">
        <test-method signature="logintest()[pri:0, instance:mvn_project.mvn_project4.Testlogin@29e495ff]" started-at="2022-04-30T03:31:22 PDT" name="logintest" finished-at="2022-04-30T03:31:51 PDT" duration-ms="28312" status="PASS">
          <reporter-output>
          </reporter-output>
        </test-method> <!-- logintest -->
      </class> <!-- mvn_project.mvn_project4.Testlogin -->
    </test> <!-- Default test -->
  </suite> <!-- Default suite -->
</testng-results>
